\BOOKMARK [0][-]{chapter.1}{Introduction}{}% 1
\BOOKMARK [1][-]{section.1.1}{Installation}{chapter.1}% 2
\BOOKMARK [1][-]{section.1.2}{General notes}{chapter.1}% 3
\BOOKMARK [2][-]{subsection.1.2.1}{Version}{section.1.2}% 4
\BOOKMARK [2][-]{subsection.1.2.2}{Plotting}{section.1.2}% 5
\BOOKMARK [0][-]{chapter.2}{Tutorial}{}% 6
\BOOKMARK [1][-]{section.2.1}{Fitting the total energy using Murnaghan EOS \(examples 1\)}{chapter.2}% 7
\BOOKMARK [1][-]{section.2.2}{Calculate and plot the band structure of silicon \(examples 2\)}{chapter.2}% 8
\BOOKMARK [1][-]{section.2.3}{Calculate and plot the density of states \(DOS\) of silicon \(examples 3\)}{chapter.2}% 9
\BOOKMARK [1][-]{section.2.4}{Plotting a 1D section of the charge density \(examples 4\)}{chapter.2}% 10
\BOOKMARK [1][-]{section.2.5}{Plotting a 2D section of the charge density \(examples 5\)}{chapter.2}% 11
\BOOKMARK [1][-]{section.2.6}{Plotting 1D sections of different potentials \(examples 6\)}{chapter.2}% 12
\BOOKMARK [1][-]{section.2.7}{Export formats \(examples 7\)}{chapter.2}% 13
\BOOKMARK [0][-]{chapter.3}{postqe package}{}% 14
\BOOKMARK [1][-]{section.3.1}{Submodules}{chapter.3}% 15
\BOOKMARK [1][-]{section.3.2}{postqe.api module}{chapter.3}% 16
\BOOKMARK [1][-]{section.3.3}{postqe.eos module}{chapter.3}% 17
\BOOKMARK [1][-]{section.3.4}{postqe.dos module}{chapter.3}% 18
\BOOKMARK [1][-]{section.3.5}{postqe.charge module}{chapter.3}% 19
\BOOKMARK [0][-]{chapter.4}{Indices and tables}{}% 20
\BOOKMARK [0][-]{section*.32}{Python Module Index}{}% 21
\BOOKMARK [0][-]{section*.33}{Index}{}% 22
